<?xml version="1.0" encoding="UTF-8"?>
<robot generator="Robot 6.0 (Python 3.11.0 on darwin)" generated="20221103 08:35:38.161" rpa="false" schemaversion="3">
<suite id="s1" name="Chooseregion" source="/Users/akankshautkarsh/PycharmProjects/pythonProject/Tests/Abbott/Chooseregion.robot">
<test id="s1-t1" name="This is sample test" line="12">
<kw name="Open Browser" library="SeleniumLibrary">
<arg>https://pat.libreview.io/.</arg>
<arg>chrome</arg>
<doc>Opens a new browser instance to the optional ``url``.</doc>
<msg timestamp="20221103 08:35:38.524" level="INFO">Opening browser 'chrome' to base url 'https://pat.libreview.io/.'.</msg>
<status status="PASS" starttime="20221103 08:35:38.523" endtime="20221103 08:35:43.200"/>
</kw>
<kw name="Maximize Browser Window" library="SeleniumLibrary">
<doc>Maximizes current browser window.</doc>
<status status="PASS" starttime="20221103 08:35:43.201" endtime="20221103 08:35:43.436"/>
</kw>
<kw name="Select country and language" library="Landingpage">
<arg>${SelectFR}</arg>
<arg>${SelectFrench}</arg>
<tag>Functional</tag>
<kw name="Wait Until Page Contains Element" library="SeleniumLibrary">
<arg>//*[@id="countryDropdown"]/li//*[@value='DE']</arg>
<doc>Waits until the element ``locator`` appears on the current page.</doc>
<status status="PASS" starttime="20221103 08:35:43.438" endtime="20221103 08:35:43.456"/>
</kw>
<kw name="Sleep" library="BuiltIn">
<arg>2s</arg>
<doc>Pauses the test executed for the given time.</doc>
<msg timestamp="20221103 08:35:45.457" level="INFO">Slept 2 seconds</msg>
<status status="PASS" starttime="20221103 08:35:43.456" endtime="20221103 08:35:45.457"/>
</kw>
<kw name="Get WebElement" library="SeleniumLibrary">
<var>${ele}</var>
<arg>${SelectCountry}</arg>
<doc>Returns the first WebElement matching the given ``locator``.</doc>
<msg timestamp="20221103 08:35:45.477" level="INFO">${ele} = &lt;selenium.webdriver.remote.webelement.WebElement (session="c2e4f795b1b8f7e555dc292cb4174b58", element="5edbbad1-b99a-4ffe-b818-f354b5c0f8f2")&gt;</msg>
<status status="PASS" starttime="20221103 08:35:45.458" endtime="20221103 08:35:45.477"/>
</kw>
<kw name="Execute Javascript" library="SeleniumLibrary">
<arg>arguments[0].click();</arg>
<arg>ARGUMENTS</arg>
<arg>${ele}</arg>
<doc>Executes the given JavaScript code with possible arguments.</doc>
<msg timestamp="20221103 08:35:45.478" level="INFO">Executing JavaScript:
arguments[0].click();
By using argument:
'&lt;selenium.webdriver.remote.webelement.WebElement (session="c2e4f795b1b8f7e555dc292cb4174b58", element="5edbbad1-b99a-4ffe-b818-f354b5c0f8f2")&gt;'</msg>
<status status="PASS" starttime="20221103 08:35:45.477" endtime="20221103 08:35:45.495"/>
</kw>
<kw name="Sleep" library="BuiltIn">
<arg>1s</arg>
<doc>Pauses the test executed for the given time.</doc>
<msg timestamp="20221103 08:35:46.498" level="INFO">Slept 1 second</msg>
<status status="PASS" starttime="20221103 08:35:45.495" endtime="20221103 08:35:46.498"/>
</kw>
<kw name="Get WebElement" library="SeleniumLibrary">
<var>${ele1}</var>
<arg>${Selectlanguage}</arg>
<doc>Returns the first WebElement matching the given ``locator``.</doc>
<msg timestamp="20221103 08:35:46.520" level="INFO">${ele1} = &lt;selenium.webdriver.remote.webelement.WebElement (session="c2e4f795b1b8f7e555dc292cb4174b58", element="5cb83318-435b-47b5-8f9e-03d7fbf12b9d")&gt;</msg>
<status status="PASS" starttime="20221103 08:35:46.499" endtime="20221103 08:35:46.520"/>
</kw>
<kw name="Execute Javascript" library="SeleniumLibrary">
<arg>arguments[0].click();</arg>
<arg>ARGUMENTS</arg>
<arg>${ele1}</arg>
<doc>Executes the given JavaScript code with possible arguments.</doc>
<msg timestamp="20221103 08:35:46.522" level="INFO">Executing JavaScript:
arguments[0].click();
By using argument:
'&lt;selenium.webdriver.remote.webelement.WebElement (session="c2e4f795b1b8f7e555dc292cb4174b58", element="5cb83318-435b-47b5-8f9e-03d7fbf12b9d")&gt;'</msg>
<status status="PASS" starttime="20221103 08:35:46.520" endtime="20221103 08:35:46.538"/>
</kw>
<status status="PASS" starttime="20221103 08:35:43.437" endtime="20221103 08:35:46.539"/>
</kw>
<kw name="Click Element" library="SeleniumLibrary">
<arg>${Submit}</arg>
<doc>Click the element identified by ``locator``.</doc>
<msg timestamp="20221103 08:35:46.539" level="INFO">Clicking element 'xpath=//*[@id="modalSubmit"]'.</msg>
<status status="PASS" starttime="20221103 08:35:46.539" endtime="20221103 08:35:46.908"/>
</kw>
<kw name="Accept Cookies">
<kw name="Run Keyword And Return Status" library="BuiltIn">
<var>${present}</var>
<arg>Element Should Be Visible</arg>
<arg>//*[@id="truste-consent-button"]</arg>
<doc>Runs the given keyword with given arguments and returns the status as a Boolean value.</doc>
<kw name="Element Should Be Visible" library="SeleniumLibrary">
<arg>//*[@id="truste-consent-button"]</arg>
<doc>Verifies that the element identified by ``locator`` is visible.</doc>
<msg timestamp="20221103 08:35:46.934" level="INFO">Element '//*[@id="truste-consent-button"]' is displayed.</msg>
<status status="PASS" starttime="20221103 08:35:46.909" endtime="20221103 08:35:46.934"/>
</kw>
<msg timestamp="20221103 08:35:46.934" level="INFO">${present} = True</msg>
<status status="PASS" starttime="20221103 08:35:46.909" endtime="20221103 08:35:46.934"/>
</kw>
<kw name="Run Keyword If" library="BuiltIn">
<arg>${present}</arg>
<arg>Click Element</arg>
<arg>//*[@id="truste-consent-button"]</arg>
<doc>Runs the given keyword with the given arguments, if ``condition`` is true.</doc>
<kw name="Click Element" library="SeleniumLibrary">
<arg>//*[@id="truste-consent-button"]</arg>
<doc>Click the element identified by ``locator``.</doc>
<msg timestamp="20221103 08:35:46.934" level="INFO">Clicking element '//*[@id="truste-consent-button"]'.</msg>
<status status="PASS" starttime="20221103 08:35:46.934" endtime="20221103 08:35:46.972"/>
</kw>
<status status="PASS" starttime="20221103 08:35:46.934" endtime="20221103 08:35:46.972"/>
</kw>
<status status="PASS" starttime="20221103 08:35:46.908" endtime="20221103 08:35:46.972"/>
</kw>
<kw name="Sleep" library="BuiltIn">
<arg>1s</arg>
<doc>Pauses the test executed for the given time.</doc>
<msg timestamp="20221103 08:35:47.973" level="INFO">Slept 1 second</msg>
<status status="PASS" starttime="20221103 08:35:46.972" endtime="20221103 08:35:47.973"/>
</kw>
<kw name="Page Should Not Contain Element" library="SeleniumLibrary">
<arg>${PatientHeader}</arg>
<doc>Verifies that element ``locator`` is not found on the current page.</doc>
<msg timestamp="20221103 08:35:47.992" level="INFO">Current page does not contain element 'xpath=//*[@id="patHeaderLink"]'.</msg>
<status status="PASS" starttime="20221103 08:35:47.974" endtime="20221103 08:35:47.992"/>
</kw>
<kw name="Page Should Not Contain Element" library="SeleniumLibrary">
<arg>${ProfessionalHeader}</arg>
<doc>Verifies that element ``locator`` is not found on the current page.</doc>
<msg timestamp="20221103 08:35:47.999" level="INFO">Current page does not contain element 'xpath=//*[@id="patHeaderLink"]'.</msg>
<status status="PASS" starttime="20221103 08:35:47.992" endtime="20221103 08:35:47.999"/>
</kw>
<kw name="Close Browser" library="SeleniumLibrary">
<doc>Closes the current browser.</doc>
<status status="PASS" starttime="20221103 08:35:48.000" endtime="20221103 08:35:48.137"/>
</kw>
<doc>Select Region</doc>
<tag>Functional Test</tag>
<status status="PASS" starttime="20221103 08:35:38.523" endtime="20221103 08:35:48.138"/>
</test>
<status status="PASS" starttime="20221103 08:35:38.165" endtime="20221103 08:35:48.138"/>
</suite>
<statistics>
<total>
<stat pass="1" fail="0" skip="0">All Tests</stat>
</total>
<tag>
<stat pass="1" fail="0" skip="0">Functional Test</stat>
</tag>
<suite>
<stat pass="1" fail="0" skip="0" id="s1" name="Chooseregion">Chooseregion</stat>
</suite>
</statistics>
<errors>
</errors>
</robot>
